{
  "numTotalTestSuites": 2,
  "numPassedTestSuites": 1,
  "numFailedTestSuites": 1,
  "numPendingTestSuites": 0,
  "numTotalTests": 5,
  "numPassedTests": 3,
  "numFailedTests": 1,
  "numPendingTests": 1,
  "testResults": [
    {
      "name": "/path/to/example.test.js",
      "status": "passed",
      "startTime": 1704067200000,
      "endTime": 1704067200100,
      "assertionResults": [
        {
          "ancestorTitles": ["describe block"],
          "fullName": "describe block test one",
          "status": "passed",
          "title": "test one",
          "duration": 10
        },
        {
          "ancestorTitles": ["describe block"],
          "fullName": "describe block test two",
          "status": "passed",
          "title": "test two",
          "duration": 5
        }
      ]
    },
    {
      "name": "/path/to/other.test.js",
      "status": "failed",
      "startTime": 1704067200100,
      "endTime": 1704067200250,
      "assertionResults": [
        {
          "ancestorTitles": ["other suite"],
          "fullName": "other suite passes",
          "status": "passed",
          "title": "passes",
          "duration": 8
        },
        {
          "ancestorTitles": ["other suite"],
          "fullName": "other suite fails",
          "status": "failed",
          "title": "fails",
          "duration": 12,
          "failureMessages": ["Expected: 1\nReceived: 2"]
        },
        {
          "ancestorTitles": ["other suite"],
          "fullName": "other suite pending",
          "status": "pending",
          "title": "pending",
          "duration": 0
        }
      ]
    }
  ],
  "success": false
}
