<?xml version="1.0" encoding="UTF-8"?>
<testsuite name="pytest" tests="5" errors="0" failures="1" skipped="1" time="0.123">
    <testcase classname="tests.test_example" name="test_passing" time="0.010"/>
    <testcase classname="tests.test_example" name="test_passing_2" time="0.005"/>
    <testcase classname="tests.test_example" name="test_failing" time="0.015">
        <failure message="AssertionError: assert 1 == 2">Traceback (most recent call last):
  File "tests/test_example.py", line 10, in test_failing
    assert 1 == 2
AssertionError: assert 1 == 2</failure>
    </testcase>
    <testcase classname="tests.test_example" name="test_skipped" time="0.001">
        <skipped message="Skipped: reason"/>
    </testcase>
    <testcase classname="tests.test_example" name="test_with_output" time="0.020">
        <system-out>some stdout output</system-out>
        <system-err>some stderr output</system-err>
    </testcase>
</testsuite>
